<?xml version="1.0" encoding="UTF-8"?>
<!-- Generated by org.testng.reporters.JUnitXMLReporter -->
<testsuite ignored="0" hostname="DESKTOP-N3JLC1N" failures="0" tests="3" name="All TestCases" time="18.504" errors="0" timestamp="2025-07-09T12:03:02 BST">
  <testcase classname="TestCases.ElementsTextBoxTest" name="testElementsTextBoxField" time="0.67"/>
  <testcase classname="TestCases.LoginTest" name="testLogin" time="0.732"/>
  <testcase classname="TestCases.RegisterPageTest" name="testRegisterNewUser" time="0.814"/>
</testsuite> <!-- All TestCases -->
