<?xml version="1.0" encoding="UTF-8"?>
<!-- Generated by org.testng.reporters.JUnitXMLReporter -->
<testsuite ignored="0" hostname="LTGB012058" failures="0" tests="3" name="All TestCases" time="65.288" errors="0" timestamp="2025-06-25T12:46:39 BST">
  <testcase classname="TestCases.ElementsTextBoxTest" name="testElementsTextBoxField" time="0.603"/>
  <testcase classname="TestCases.LoginTest" name="testLogin" time="0.283"/>
  <testcase classname="TestCases.RegisterPageTest" name="testRegisterNewUser" time="1.087"/>
</testsuite> <!-- All TestCases -->
