<?xml version="1.0" encoding="UTF-8"?>
<testsuite xmlns:xsi="http://www.w3.org/2001/XMLSchema-instance" xsi:noNamespaceSchemaLocation="https://maven.apache.org/surefire/maven-surefire-plugin/xsd/surefire-test-report-3.0.xsd" version="3.0" name="TestSuite" time="19.617" tests="3" errors="0" skipped="0" failures="0">
  <properties>
[...]
</properties>
  <testcase name="testElementsTextBoxField" classname="TestCases.ElementsTextBoxTest" time="0.672">
    <system-out><![CDATA[2025-07-09 12:02:50 [main] INFO  ElementsTextBox - Executing ElementsTextBoxField test
]]></system-out>
    <system-err><![CDATA[SLF4J(W): No SLF4J providers were found.
SLF4J(W): Defaulting to no-operation (NOP) logger implementation
SLF4J(W): See https://www.slf4j.org/codes.html#noProviders for further details.
Jul 09, 2025 12:02:47 PM org.openqa.selenium.devtools.CdpVersionFinder findNearestMatch
WARNING: Unable to find an exact match for CDP version 138, returning the closest version; found: 137; Please update to a Selenium version that supports CDP version 138
Jul 09, 2025 12:02:49 PM org.openqa.selenium.devtools.CdpVersionFinder findNearestMatch
WARNING: Unable to find an exact match for CDP version 138, returning the closest version; found: 137; Please update to a Selenium version that supports CDP version 138
]]></system-err>
  </testcase>
  <testcase name="testLogin" classname="TestCases.LoginTest" time="0.73">
    <system-out><![CDATA[2025-07-09 12:02:51 [main] INFO  ElementsTextBox - Browser closed
2025-07-09 12:02:55 [main] INFO  LoginTest - Executing login test
]]></system-out>
    <system-err><![CDATA[Jul 09, 2025 12:02:52 PM org.openqa.selenium.devtools.CdpVersionFinder findNearestMatch
WARNING: Unable to find an exact match for CDP version 138, returning the closest version; found: 137; Please update to a Selenium version that supports CDP version 138
Jul 09, 2025 12:02:54 PM org.openqa.selenium.devtools.CdpVersionFinder findNearestMatch
WARNING: Unable to find an exact match for CDP version 138, returning the closest version; found: 137; Please update to a Selenium version that supports CDP version 138
]]></system-err>
  </testcase>
  <testcase name="testRegisterNewUser" classname="TestCases.RegisterPageTest" time="0.814">
    <system-out><![CDATA[2025-07-09 12:02:56 [main] INFO  LoginTest - Browser closed
2025-07-09 12:03:00 [main] INFO  RegisterPage - Executing registration test
]]></system-out>
    <system-err><![CDATA[Jul 09, 2025 12:02:57 PM org.openqa.selenium.devtools.CdpVersionFinder findNearestMatch
WARNING: Unable to find an exact match for CDP version 138, returning the closest version; found: 137; Please update to a Selenium version that supports CDP version 138
Jul 09, 2025 12:02:59 PM org.openqa.selenium.devtools.CdpVersionFinder findNearestMatch
WARNING: Unable to find an exact match for CDP version 138, returning the closest version; found: 137; Please update to a Selenium version that supports CDP version 138
]]></system-err>
  </testcase>
</testsuite>