<?xml version="1.0" encoding="UTF-8"?>
<testng-results ignored="0" total="3" passed="3" failed="0" skipped="0">
  <reporter-output>
  </reporter-output>
  <suite started-at="2025-07-09T12:02:43 BST" name="DemoQATestSuite" finished-at="2025-07-09T12:03:01 BST" duration-ms="18504">
    <groups>
    </groups>
    <test started-at="2025-07-09T12:02:43 BST" name="All TestCases" finished-at="2025-07-09T12:03:01 BST" duration-ms="18504">
      <class name="TestCases.ElementsTextBoxTest">
        <test-method is-config="true" signature="setUp()[pri:0, instance:TestCases.ElementsTextBoxTest@53e211ee]" started-at="2025-07-09T12:02:43 BST" name="setUp" finished-at="2025-07-09T12:02:50 BST" duration-ms="7179" status="PASS">
          <reporter-output>
          </reporter-output>
        </test-method> <!-- setUp -->
        <test-method signature="testElementsTextBoxField()[pri:0, instance:TestCases.ElementsTextBoxTest@53e211ee]" started-at="2025-07-09T12:02:50 BST" name="testElementsTextBoxField" finished-at="2025-07-09T12:02:51 BST" duration-ms="670" status="PASS">
          <reporter-output>
          </reporter-output>
        </test-method> <!-- testElementsTextBoxField -->
        <test-method is-config="true" signature="tearDown()[pri:0, instance:TestCases.ElementsTextBoxTest@53e211ee]" started-at="2025-07-09T12:02:51 BST" name="tearDown" finished-at="2025-07-09T12:02:51 BST" duration-ms="172" status="PASS">
          <reporter-output>
          </reporter-output>
        </test-method> <!-- tearDown -->
      </class> <!-- TestCases.ElementsTextBoxTest -->
      <class name="TestCases.RegisterPageTest">
        <test-method is-config="true" signature="setUp()[pri:0, instance:TestCases.RegisterPageTest@2a65bb85]" started-at="2025-07-09T12:02:56 BST" name="setUp" finished-at="2025-07-09T12:03:00 BST" duration-ms="4473" status="PASS">
          <reporter-output>
          </reporter-output>
        </test-method> <!-- setUp -->
        <test-method signature="testRegisterNewUser()[pri:0, instance:TestCases.RegisterPageTest@2a65bb85]" started-at="2025-07-09T12:03:00 BST" name="testRegisterNewUser" finished-at="2025-07-09T12:03:01 BST" duration-ms="814" status="PASS">
          <reporter-output>
          </reporter-output>
        </test-method> <!-- testRegisterNewUser -->
        <test-method is-config="true" signature="tearDown()[pri:0, instance:TestCases.RegisterPageTest@2a65bb85]" started-at="2025-07-09T12:03:01 BST" name="tearDown" finished-at="2025-07-09T12:03:01 BST" duration-ms="200" status="PASS">
          <reporter-output>
          </reporter-output>
        </test-method> <!-- tearDown -->
      </class> <!-- TestCases.RegisterPageTest -->
      <class name="TestCases.LoginTest">
        <test-method is-config="true" signature="setUp()[pri:0, instance:TestCases.LoginTest@78aea4b9]" started-at="2025-07-09T12:02:51 BST" name="setUp" finished-at="2025-07-09T12:02:55 BST" duration-ms="4090" status="PASS">
          <reporter-output>
          </reporter-output>
        </test-method> <!-- setUp -->
        <test-method signature="testLogin()[pri:0, instance:TestCases.LoginTest@78aea4b9]" started-at="2025-07-09T12:02:55 BST" name="testLogin" finished-at="2025-07-09T12:02:56 BST" duration-ms="732" status="PASS">
          <reporter-output>
          </reporter-output>
        </test-method> <!-- testLogin -->
        <test-method is-config="true" signature="tearDown()[pri:0, instance:TestCases.LoginTest@78aea4b9]" started-at="2025-07-09T12:02:56 BST" name="tearDown" finished-at="2025-07-09T12:02:56 BST" duration-ms="148" status="PASS">
          <reporter-output>
          </reporter-output>
        </test-method> <!-- tearDown -->
      </class> <!-- TestCases.LoginTest -->
    </test> <!-- All TestCases -->
  </suite> <!-- DemoQATestSuite -->
</testng-results>
